<?xml version="1.0" encoding="UTF-8"?>
<testsuite name="ResistorColorTest" tests="4" skipped="0" failures="0" errors="0" timestamp="2023-12-16T06:07:41" hostname="DESKTOP-CI133L3" time="0.064">
  <properties/>
  <testcase name="testWhiteColorCode" classname="ResistorColorTest" time="0.048"/>
  <testcase name="testColors" classname="ResistorColorTest" time="0.016"/>
  <testcase name="testBlackColorCode" classname="ResistorColorTest" time="0.0"/>
  <testcase name="testOrangeColorCode" classname="ResistorColorTest" time="0.0"/>
  <system-out><![CDATA[]]></system-out>
  <system-err><![CDATA[]]></system-err>
</testsuite>
